x:\cs 580\assignments\hw1\assignpuzzle\supportcode\runner.dir\debug\vc141.pdb
x:\cs 580\assignments\hw1\assignpuzzle\supportcode\runner.dir\debug\runner.obj
x:\cs 580\assignments\hw1\assignpuzzle\supportcode\runner.dir\debug\runrandompuzzle.obj
x:\cs 580\assignments\hw1\assignpuzzle\supportcode\runner.dir\debug\runpuzzlesolver.obj
x:\cs 580\assignments\hw1\assignpuzzle\supportcode\runner.dir\debug\grunpuzzle.obj
x:\cs 580\assignments\hw1\assignpuzzle\supportcode\runner.dir\debug\puzzlesolver.obj
x:\cs 580\assignments\hw1\assignpuzzle\supportcode\runner.dir\debug\puzzleheuristic3.obj
x:\cs 580\assignments\hw1\assignpuzzle\supportcode\runner.dir\debug\puzzleheuristic2.obj
x:\cs 580\assignments\hw1\assignpuzzle\supportcode\runner.dir\debug\puzzleheuristic1.obj
x:\cs 580\assignments\hw1\assignpuzzle\supportcode\runner.dir\debug\puzzle.obj
x:\cs 580\assignments\hw1\assignpuzzle\supportcode\runner.dir\debug\pseudorandom.obj
x:\cs 580\assignments\hw1\assignpuzzle\supportcode\runner.dir\debug\gmanager.obj
x:\cs 580\assignments\hw1\assignpuzzle\supportcode\runner.dir\debug\gdraw.obj
x:\cs 580\assignments\hw1\assignpuzzle\supportcode\cmakefiles\generate.stamp
x:\cs 580\assignments\hw1\assignpuzzle\supportcode\bin\debug\runner.ilk
x:\cs 580\assignments\hw1\assignpuzzle\supportcode\bin\debug\runner.exe
x:\cs 580\assignments\hw1\assignpuzzle\supportcode\bin\debug\runner.pdb
x:\cs 580\assignments\hw1\assignpuzzle\supportcode\runner.dir\debug\runner.tlog\cl.command.1.tlog
x:\cs 580\assignments\hw1\assignpuzzle\supportcode\runner.dir\debug\runner.tlog\cl.read.1.tlog
x:\cs 580\assignments\hw1\assignpuzzle\supportcode\runner.dir\debug\runner.tlog\cl.write.1.tlog
x:\cs 580\assignments\hw1\assignpuzzle\supportcode\runner.dir\debug\runner.tlog\custombuild.command.1.tlog
x:\cs 580\assignments\hw1\assignpuzzle\supportcode\runner.dir\debug\runner.tlog\custombuild.read.1.tlog
x:\cs 580\assignments\hw1\assignpuzzle\supportcode\runner.dir\debug\runner.tlog\custombuild.write.1.tlog
x:\cs 580\assignments\hw1\assignpuzzle\supportcode\runner.dir\debug\runner.tlog\link.command.1.tlog
x:\cs 580\assignments\hw1\assignpuzzle\supportcode\runner.dir\debug\runner.tlog\link.read.1.tlog
x:\cs 580\assignments\hw1\assignpuzzle\supportcode\runner.dir\debug\runner.tlog\link.write.1.tlog
