  GRunPuzzle.cpp
C:\Users\singa\Desktop\CS 580 HW-1\AssignPuzzle\SupportCode\src\Utils/Definitions.hpp(58): warning C4005: '_USE_MATH_DEFINES': macro redefinition
  C:\Users\singa\Desktop\CS 580 HW-1\AssignPuzzle\SupportCode\src\Utils/Definitions.hpp(58): note: command-line arguments:  see previous definition of '_USE_MATH_DEFINES'
C:\Users\singa\Desktop\CS 580 HW-1\AssignPuzzle\SupportCode\src\Utils/Definitions.hpp(64): warning C4067: unexpected tokens following preprocessor directive - expected a newline
C:\Users\singa\Desktop\CS 580 HW-1\AssignPuzzle\SupportCode\src\Programs\GRunPuzzle.cpp(56): warning C4996: 'sprintf': This function or variable may be unsafe. Consider using sprintf_s instead. To disable deprecation, use _CRT_SECURE_NO_WARNINGS. See online help for details.
  C:\Program Files (x86)\Windows Kits\10\Include\10.0.16299.0\ucrt\stdio.h(1772): note: see declaration of 'sprintf'
  RunPuzzleSolver.cpp
C:\Users\singa\Desktop\CS 580 HW-1\AssignPuzzle\SupportCode\src\Utils/Definitions.hpp(58): warning C4005: '_USE_MATH_DEFINES': macro redefinition
  C:\Users\singa\Desktop\CS 580 HW-1\AssignPuzzle\SupportCode\src\Utils/Definitions.hpp(58): note: command-line arguments:  see previous definition of '_USE_MATH_DEFINES'
C:\Users\singa\Desktop\CS 580 HW-1\AssignPuzzle\SupportCode\src\Utils/Definitions.hpp(64): warning C4067: unexpected tokens following preprocessor directive - expected a newline
  Runner.cpp
C:\Users\singa\Desktop\CS 580 HW-1\AssignPuzzle\SupportCode\src\Utils/Definitions.hpp(58): warning C4005: '_USE_MATH_DEFINES': macro redefinition
  C:\Users\singa\Desktop\CS 580 HW-1\AssignPuzzle\SupportCode\src\Utils/Definitions.hpp(58): note: command-line arguments:  see previous definition of '_USE_MATH_DEFINES'
C:\Users\singa\Desktop\CS 580 HW-1\AssignPuzzle\SupportCode\src\Utils/Definitions.hpp(64): warning C4067: unexpected tokens following preprocessor directive - expected a newline
  PuzzleSolver.cpp
C:\Users\singa\Desktop\CS 580 HW-1\AssignPuzzle\SupportCode\src\Utils/Definitions.hpp(58): warning C4005: '_USE_MATH_DEFINES': macro redefinition
  C:\Users\singa\Desktop\CS 580 HW-1\AssignPuzzle\SupportCode\src\Utils/Definitions.hpp(58): note: command-line arguments:  see previous definition of '_USE_MATH_DEFINES'
C:\Users\singa\Desktop\CS 580 HW-1\AssignPuzzle\SupportCode\src\Utils/Definitions.hpp(64): warning C4067: unexpected tokens following preprocessor directive - expected a newline
  Generating Code...
  Runner.vcxproj -> C:\Users\singa\Desktop\CS 580 HW-1\AssignPuzzle\SupportCode\bin\Debug\Runner.exe
